<?xml version="1.0" encoding="utf-8"?><testsuites name="pytest tests"><testsuite name="pytest" errors="0" failures="0" skipped="0" tests="29" time="0.754" timestamp="2026-09-08T19:09:11.200484-06:00" hostname="Sivalingans-MacBook-Pro-2.local"><testcase classname="tests.test_api" name="test_health_reports_human_gate" time="0.025" /><testcase classname="tests.test_api" name="test_demo_race_is_available" time="0.020" /><testcase classname="tests.test_api" name="test_story_generation_is_cited_and_pending" time="0.058" /><testcase classname="tests.test_api" name="test_human_can_approve_but_generation_cannot" time="0.033" /><testcase classname="tests.test_api" name="test_unknown_athlete_fails_closed" time="0.024" /><testcase classname="tests.test_api" name="test_release_eval_suite_passes" time="0.040" /><testcase classname="tests.test_week5" name="test_dataset_disjoint_and_balanced" time="0.090" /><testcase classname="tests.test_week5" name="test_tampered_dataset_fails_checksum" time="0.066" /><testcase classname="tests.test_week5" name="test_shared_incident_group_rejected" time="0.058" /><testcase classname="tests.test_week5" name="test_research_data_never_claims_approval" time="0.058" /><testcase classname="tests.test_week5" name="test_training_runtime_messages_are_identical" time="0.001" /><testcase classname="tests.test_week5" name="test_sensitive_language_checked_in_every_field[eyebrow]" time="0.000" /><testcase classname="tests.test_week5" name="test_sensitive_language_checked_in_every_field[headline]" time="0.000" /><testcase classname="tests.test_week5" name="test_sensitive_language_checked_in_every_field[body]" time="0.000" /><testcase classname="tests.test_week5" name="test_sensitive_language_checked_in_every_field[social_caption]" time="0.000" /><testcase classname="tests.test_week5" name="test_sensitive_language_checked_in_every_field[reason]" time="0.000" /><testcase classname="tests.test_week5" name="test_invalid_citation_is_not_silently_filtered" time="0.000" /><testcase classname="tests.test_week5" name="test_valid_citation_does_not_excuse_wrong_numeric_claim" time="0.000" /><testcase classname="tests.test_week5" name="test_hint_number_is_not_evidence" time="0.000" /><testcase classname="tests.test_week5" name="test_missing_evidence_requires_abstention" time="0.000" /><testcase classname="tests.test_week5" name="test_benchmark_includes_failures_in_denominator" time="0.074" /><testcase classname="tests.test_week5" name="test_comparison_rejects_different_case_sets" time="0.003" /><testcase classname="tests.test_week5" name="test_editor_correction_persists_original_and_revision" time="0.047" /><testcase classname="tests.test_week5" name="test_training_consent_requires_rights_basis" time="0.034" /><testcase classname="tests.test_week5" name="test_editor_cannot_approve_unsupported_correction" time="0.034" /><testcase classname="tests.test_week5" name="test_legacy_database_additive_upgrade" time="0.008" /><testcase classname="tests.test_week5" name="test_concurrent_workflows_keep_trace_context_separate" time="0.046" /><testcase classname="tests.test_week5" name="test_providers_use_exact_shared_messages[ollama]" time="0.001" /><testcase classname="tests.test_week5" name="test_providers_use_exact_shared_messages[fireworks]" time="0.001" /></testsuite></testsuites>